<?xml version="1.0" encoding="UTF-8"?>
<testsuite name="AppTest" tests="1" skipped="0" failures="0" errors="0" timestamp="2016-02-12T16:16:07" hostname="epicodus-58.local" time="0.004">
  <properties/>
  <testcase name="replaceVowels_findsAnyVowelsAndReplacesThemWithHyphens" classname="AppTest" time="0.004"/>
  <system-out><![CDATA[]]></system-out>
  <system-err><![CDATA[]]></system-err>
</testsuite>
