<?xml version="1.0" encoding="UTF-8"?>
<testsuite name="AppTest" tests="3" skipped="0" failures="0" errors="0" timestamp="2016-02-12T20:58:19" hostname="epicodus-58.local" time="0.315">
  <properties/>
  <testcase name="replaceVowels_findsAnyVowelsAndReplacesThemWithHyphens" classname="AppTest" time="0.003"/>
  <testcase name="rootTest" classname="AppTest" time="0.239"/>
  <testcase name="replaceVowels" classname="AppTest" time="0.064"/>
  <system-out><![CDATA[]]></system-out>
  <system-err><![CDATA[[Thread-4] INFO spark.webserver.SparkServer - == Spark has ignited ...
[Thread-4] INFO spark.webserver.SparkServer - >> Listening on 0.0.0.0:4567
[Thread-4] INFO org.eclipse.jetty.server.Server - jetty-9.0.2.v20130417
[Thread-4] INFO org.eclipse.jetty.server.ServerConnector - Started ServerConnector@70b238c2{HTTP/1.1}{0.0.0.0:4567}
[Test worker] INFO spark.webserver.SparkServer - >>> Spark shutting down ...
[Test worker] INFO org.eclipse.jetty.server.Server - Graceful shutdown org.eclipse.jetty.server.Server@3959400 by 
[Test worker] INFO org.eclipse.jetty.server.ServerConnector - Stopped ServerConnector@70b238c2{HTTP/1.1}{0.0.0.0:4567}
[Test worker] INFO spark.webserver.SparkServer - done
]]></system-err>
</testsuite>
