<?xml version="1.0" encoding="UTF-8"?>
<testsuite name="AppTest" tests="3" skipped="0" failures="0" errors="0" timestamp="2016-02-12T16:35:20" hostname="epicodus-58.local" time="0.311">
  <properties/>
  <testcase name="replaceVowels_findsAnyVowelsAndReplacesThemWithHyphens" classname="AppTest" time="0.002"/>
  <testcase name="rootTest" classname="AppTest" time="0.24"/>
  <testcase name="replaceVowels" classname="AppTest" time="0.059"/>
  <system-out><![CDATA[]]></system-out>
  <system-err><![CDATA[[Thread-4] INFO spark.webserver.SparkServer - == Spark has ignited ...
[Thread-4] INFO spark.webserver.SparkServer - >> Listening on 0.0.0.0:4567
[Thread-4] INFO org.eclipse.jetty.server.Server - jetty-9.0.2.v20130417
[Thread-4] INFO org.eclipse.jetty.server.ServerConnector - Started ServerConnector@303aed94{HTTP/1.1}{0.0.0.0:4567}
Feb 12, 2016 8:35:20 AM org.apache.velocity log
SEVERE: ResourceManager : unable to find resource 'templates/detector.vtl' in any resource loader.
Feb 12, 2016 8:35:20 AM org.apache.velocity log
SEVERE: #parse(): cannot find template 'templates/detector.vtl', called at templates/layout.vtl[line 12, column 7]
[qtp656319419-23] ERROR spark.webserver.MatcherFilter - 
org.apache.velocity.exception.ResourceNotFoundException: Unable to find resource 'templates/detector.vtl'
	at org.apache.velocity.runtime.resource.ResourceManagerImpl.loadResource(ResourceManagerImpl.java:474)
	at org.apache.velocity.runtime.resource.ResourceManagerImpl.getResource(ResourceManagerImpl.java:352)
	at org.apache.velocity.runtime.RuntimeInstance.getTemplate(RuntimeInstance.java:1533)
	at org.apache.velocity.runtime.directive.Parse.render(Parse.java:197)
	at org.apache.velocity.runtime.parser.node.ASTDirective.render(ASTDirective.java:207)
	at org.apache.velocity.runtime.parser.node.SimpleNode.render(SimpleNode.java:342)
	at org.apache.velocity.Template.merge(Template.java:356)
	at org.apache.velocity.Template.merge(Template.java:260)
	at spark.template.velocity.VelocityTemplateEngine.render(VelocityTemplateEngine.java:72)
	at spark.TemplateViewRouteImpl$1.render(TemplateViewRouteImpl.java:61)
	at spark.TemplateViewRouteImpl.render(TemplateViewRouteImpl.java:85)
	at spark.webserver.MatcherFilter.doFilter(MatcherFilter.java:156)
	at spark.webserver.JettyHandler.doHandle(JettyHandler.java:60)
	at org.eclipse.jetty.server.session.SessionHandler.doScope(SessionHandler.java:179)
	at org.eclipse.jetty.server.handler.ScopedHandler.handle(ScopedHandler.java:136)
	at org.eclipse.jetty.server.handler.HandlerWrapper.handle(HandlerWrapper.java:97)
	at org.eclipse.jetty.server.Server.handle(Server.java:451)
	at org.eclipse.jetty.server.HttpChannel.run(HttpChannel.java:252)
	at org.eclipse.jetty.server.HttpConnection.onFillable(HttpConnection.java:266)
	at org.eclipse.jetty.io.AbstractConnection$ReadCallback.run(AbstractConnection.java:240)
	at org.eclipse.jetty.util.thread.QueuedThreadPool.runJob(QueuedThreadPool.java:596)
	at org.eclipse.jetty.util.thread.QueuedThreadPool$3.run(QueuedThreadPool.java:527)
	at java.lang.Thread.run(Thread.java:745)
[Test worker] INFO spark.webserver.SparkServer - >>> Spark shutting down ...
[Test worker] INFO org.eclipse.jetty.server.Server - Graceful shutdown org.eclipse.jetty.server.Server@6430d615 by 
[Test worker] INFO org.eclipse.jetty.server.ServerConnector - Stopped ServerConnector@303aed94{HTTP/1.1}{0.0.0.0:4567}
[Test worker] INFO spark.webserver.SparkServer - done
]]></system-err>
</testsuite>
